0 info it worked if it ends with ok
1 verbose cli [ 'C:\\Program Files\\nodejs\\node.exe',
1 verbose cli   'C:\\Program Files\\nodejs\\node_modules\\npm\\bin\\npm-cli.js',
1 verbose cli   'start' ]
2 info using npm@3.3.12
3 info using node@v5.1.0
4 verbose run-script [ 'prestart', 'start', 'poststart' ]
5 info lifecycle blacks@~prestart: blacks@
6 silly lifecycle blacks@~prestart: no script for prestart, continuing
7 info lifecycle blacks@~start: blacks@
8 verbose lifecycle blacks@~start: unsafe-perm in lifecycle true
9 verbose lifecycle blacks@~start: PATH: C:\Program Files\nodejs\node_modules\npm\bin\node-gyp-bin;D:\Google Drive\site\git\bit\node_modules\.bin;C:\WINDOWS\system32;C:\WINDOWS;C:\WINDOWS\System32\Wbem;C:\WINDOWS\System32\WindowsPowerShell\v1.0\;D:\Program Files\MongoDB\Server\3.0\bin; C:\WINDOWS\system32\; D:\Program Files\nodejs; C:\Users\SGT_POWELL\AppData\Roaming\npm;D:\Program Files\Git\bin;C:\Program Files\nodejs;D:\Program Files (x86)\Heroku\bin;C:\Program Files (x86)\git\cmd;D:\Ruby22-x64\bin;D:\Users\SGT_POWELL\AppData\Local\Programs\Python\Python35-32\Scripts\;D:\Users\SGT_POWELL\AppData\Local\Programs\Python\Python35-32\;C:\Users\SGT_POWELL\AppData\Roaming\npm;C:\Users\SGT_POWELL\AppData\Local\atom\bin
10 verbose lifecycle blacks@~start: CWD: D:\Google Drive\site\git\bit
11 silly lifecycle blacks@~start: Args: [ '/d /s /c', 'node index.js' ]
12 silly lifecycle blacks@~start: Returned: code: 1  signal: null
13 info lifecycle blacks@~start: Failed to exec start script
14 verbose stack Error: blacks@ start: `node index.js`
14 verbose stack Exit status 1
14 verbose stack     at EventEmitter.<anonymous> (C:\Program Files\nodejs\node_modules\npm\lib\utils\lifecycle.js:232:16)
14 verbose stack     at emitTwo (events.js:87:13)
14 verbose stack     at EventEmitter.emit (events.js:172:7)
14 verbose stack     at ChildProcess.<anonymous> (C:\Program Files\nodejs\node_modules\npm\lib\utils\spawn.js:24:14)
14 verbose stack     at emitTwo (events.js:87:13)
14 verbose stack     at ChildProcess.emit (events.js:172:7)
14 verbose stack     at maybeClose (internal/child_process.js:818:16)
14 verbose stack     at Process.ChildProcess._handle.onexit (internal/child_process.js:211:5)
15 verbose pkgid blacks@
16 verbose cwd D:\Google Drive\site\git\bit
17 error Windows_NT 10.0.10240
18 error argv "C:\\Program Files\\nodejs\\node.exe" "C:\\Program Files\\nodejs\\node_modules\\npm\\bin\\npm-cli.js" "start"
19 error node v5.1.0
20 error npm  v3.3.12
21 error code ELIFECYCLE
22 error blacks@ start: `node index.js`
22 error Exit status 1
23 error Failed at the blacks@ start script 'node index.js'.
23 error Make sure you have the latest version of node.js and npm installed.
23 error If you do, this is most likely a problem with the blacks package,
23 error not with npm itself.
23 error Tell the author that this fails on your system:
23 error     node index.js
23 error You can get their info via:
23 error     npm owner ls blacks
23 error There is likely additional logging output above.
24 verbose exit [ 1, true ]
